<?xml version="1.0" encoding="UTF-8"?>
<!-- Generated by org.testng.reporters.JUnitReportReporter -->
<testsuite skipped="0" hostname="WIN-0GEL1OAUF4B" name="automationFramework.MultiBrowser" tests="3" failures="0" timestamp="28 Jan 2019 10:52:18 GMT" time="5.063" errors="0">
  <testcase name="login" time="1.917" classname="automationFramework.MultiBrowser"/>
  <testcase name="login" time="1.683" classname="automationFramework.MultiBrowser"/>
  <testcase name="login" time="1.463" classname="automationFramework.MultiBrowser"/>
</testsuite> <!-- automationFramework.MultiBrowser -->
