<?xml version="1.0" encoding="UTF-8"?>
<!-- Generated by org.testng.reporters.JUnitReportReporter -->
<testsuite skipped="0" hostname="WIN-0GEL1OAUF4B" name="automationFramework.MultiBrowser" tests="6" failures="0" timestamp="28 Jan 2019 11:05:14 GMT" time="12.234" errors="0">
  <testcase name="login" time="3.119" classname="automationFramework.MultiBrowser"/>
  <testcase name="login" time="2.084" classname="automationFramework.MultiBrowser"/>
  <testcase name="login" time="1.961" classname="automationFramework.MultiBrowser"/>
  <testcase name="login" time="1.886" classname="automationFramework.MultiBrowser"/>
  <testcase name="login" time="1.524" classname="automationFramework.MultiBrowser"/>
  <testcase name="login" time="1.660" classname="automationFramework.MultiBrowser"/>
</testsuite> <!-- automationFramework.MultiBrowser -->
